<?xml version="1.0" encoding="UTF-8"?>
<testsuite name="TestAuto" tests="2" skipped="0" failures="0" errors="0" timestamp="2022-10-12T08:18:39" hostname="DESKTOP-35KJJ72" time="12.58">
  <properties/>
  <testcase name="successfulSearchTest()" classname="TestAuto" time="5.956"/>
  <testcase name="pikabuopen()" classname="TestAuto" time="6.623"/>
  <system-out><![CDATA[]]></system-out>
  <system-err><![CDATA[]]></system-err>
</testsuite>
